This is pdfTeX, Version 3.1415926-2.5-1.40.14 (TeX Live 2013) (format=pdftex 2017.1.17)  30 OCT 2018 14:55
entering extended mode
 restricted \write18 enabled.
 %&-line parsing enabled.
**freeparticle1.tex
(./freeparticle1.tex
Overfull \hbox (6.53494pt too wide) in paragraph at lines 58--60
[]\tentt To cal-cu-late the con-tin-ual in-te-gral for free func-tion we deal w
ith ex-po-|

\hbox(6.11111+2.22223)x391.46176
.\hbox(0.0+0.0)x20.0
.\tentt T
.\tentt o
.\glue 5.24995
.\tentt c
.etc.


Overfull \hbox (12.78471pt too wide) in paragraph at lines 76--82
\tentt In the clas-si-cal book of Feyn-man the au-thor ca-clcu-lates the in-te-
gral, step by|

\hbox(6.11111+2.22223)x391.46176
.\tentt I
.\tentt n
.\glue 5.24995
.\tentt t
.\tentt h
.etc.


Overfull \hbox (5.65945pt too wide) in paragraph at lines 76--82
\tentt step per-form-ing the trick: ev-ery next in-te-gra-tion over $\teni dx[]
$ \tentt gives the same|

\hbox(6.94444+2.33333)x391.46176
.\tentt s
.\tentt t
.\tentt e
.\tentt p
.\glue 5.24995
.etc.


Overfull \hbox (17.03485pt too wide) in paragraph at lines 83--86
[]\tentt We will present here the straight-for-ward cal-cu-la-tion which is bas
ed on the|

\hbox(6.11111+2.22223)x391.46176
.\hbox(0.0+0.0)x20.0
.\tentt W
.\tentt e
.\glue 5.24995
.\tentt w
.etc.


Overfull \hbox (10.22621pt too wide) detected at line 137
\teni F \tenrm = [] \teni M[]x[]x[] \tenrm + [] \teni L[]x[] \tenrm + \teni N \
tenrm = \teni ^^X[] \tenrm + \teni ^^X[] \tenrm + \teni ^^X[] \tenrm + [] + \te
ni ^^X[] \tenrm + [][] =|

\hbox(18.28339+14.38892)x391.46176, glue set - 1.0
.\teni F
.\kern1.3889
.\glue(\thickmuskip) 2.77771 plus 2.77771
.\tenrm =
.\glue(\thickmuskip) 2.77771 plus 2.77771
.etc.

[1{/usr/share/texlive/texmf/fonts/map/pdftex/updmap/pdftex.map}] [2] [3] )</usr
/share/texlive/texmf-dist/fonts/type1/public/amsfonts/cm/cmbx10.pfb></usr/share
/texlive/texmf-dist/fonts/type1/public/amsfonts/cm/cmex10.pfb></usr/share/texli
ve/texmf-dist/fonts/type1/public/amsfonts/cm/cmmi10.pfb></usr/share/texlive/tex
mf-dist/fonts/type1/public/amsfonts/cm/cmmi5.pfb></usr/share/texlive/texmf-dist
/fonts/type1/public/amsfonts/cm/cmmi7.pfb></usr/share/texlive/texmf-dist/fonts/
type1/public/amsfonts/cm/cmr10.pfb></usr/share/texlive/texmf-dist/fonts/type1/p
ublic/amsfonts/cm/cmr5.pfb></usr/share/texlive/texmf-dist/fonts/type1/public/am
sfonts/cm/cmr7.pfb></usr/share/texlive/texmf-dist/fonts/type1/public/amsfonts/c
m/cmsy10.pfb></usr/share/texlive/texmf-dist/fonts/type1/public/amsfonts/cm/cmsy
5.pfb></usr/share/texlive/texmf-dist/fonts/type1/public/amsfonts/cm/cmsy7.pfb><
/usr/share/texlive/texmf-dist/fonts/type1/public/amsfonts/cm/cmti10.pfb></usr/s
hare/texlive/texmf-dist/fonts/type1/public/amsfonts/cm/cmtt10.pfb>
Output written on freeparticle1.pdf (3 pages, 140129 bytes).
PDF statistics:
 66 PDF objects out of 1000 (max. 8388607)
 47 compressed objects within 1 object stream
 0 named destinations out of 1000 (max. 500000)
 1 words of extra memory for PDF output out of 10000 (max. 10000000)

