This is pdfTeX, Version 3.14159265-2.6-1.40.17 (TeX Live 2016) (preloaded format=pdftex 2016.8.6)  1 JUN 2018 10:18
entering extended mode
 restricted \write18 enabled.
 %&-line parsing enabled.
**triangequil1.tex
(./triangequil1.tex
Overfull \hbox (16.33788pt too wide) detected at line 132
[] [] [] \tenrm =|

\hbox(17.52728+12.50015)x391.46176
.\hbox(6.67859+0.0)x12.2778
..\tenrm s
..\tenrm i
..\tenrm n
.\glue(\thinmuskip) 1.66663
.\hbox(11.07062+6.85951)x8.94167
..\hbox(11.07062+6.85951)x8.94167
...\hbox(0.0+0.0)x1.2, shifted -2.5
...\vbox(11.07062+6.85951)x6.54167 []
...\hbox(0.0+0.0)x1.2, shifted -2.5
.\glue(\thinmuskip) 1.66663
.\hbox(17.52728+12.50015)x372.6914
..\hbox(0.39998+29.60031)x7.91669, shifted -17.10016
...\tenex  
..\tenrm 1
..\glue(\medmuskip) 2.22217 plus 1.11108 minus 2.22217
..\tensy ^^@
..\glue(\medmuskip) 2.22217 plus 1.11108 minus 2.22217
..etc.
.etc.

[1{/usr/local/texlive/2016/texmf-var/fonts/map/pdftex/updmap/pdftex.map}] )</us
r/local/texlive/2016/texmf-dist/fonts/type1/public/amsfonts/cm/cmex10.pfb></usr
/local/texlive/2016/texmf-dist/fonts/type1/public/amsfonts/cm/cmmi10.pfb></usr/
local/texlive/2016/texmf-dist/fonts/type1/public/amsfonts/cm/cmmi7.pfb></usr/lo
cal/texlive/2016/texmf-dist/fonts/type1/public/amsfonts/cm/cmr10.pfb></usr/loca
l/texlive/2016/texmf-dist/fonts/type1/public/amsfonts/cm/cmr7.pfb></usr/local/t
exlive/2016/texmf-dist/fonts/type1/public/amsfonts/cm/cmsy10.pfb></usr/local/te
xlive/2016/texmf-dist/fonts/type1/public/amsfonts/cm/cmsy7.pfb></usr/local/texl
ive/2016/texmf-dist/fonts/type1/public/amsfonts/cm/cmti10.pfb>
Output written on triangequil1.pdf (1 page, 85706 bytes).
PDF statistics:
 40 PDF objects out of 1000 (max. 8388607)
 28 compressed objects within 1 object stream
 0 named destinations out of 1000 (max. 500000)
 1 words of extra memory for PDF output out of 10000 (max. 10000000)

