This is pdfTeX, Version 3.1415926-2.5-1.40.14 (TeX Live 2013) (format=pdftex 2017.1.17)  27 NOV 2018 15:00
entering extended mode
 restricted \write18 enabled.
 %&-line parsing enabled.
**linalgbor1.tex
(./linalgbor1.tex
Missing character: There is no Â in font cmr10!
Missing character: There is no   in font cmr10!
Missing character: There is no Â in font cmti10!
Missing character: There is no   in font cmti10!
Missing character: There is no Â in font cmti10!
Missing character: There is no   in font cmti10!
Missing character: There is no Â in font cmti10!
Missing character: There is no   in font cmti10!
Missing character: There is no Â in font cmsl10!
Missing character: There is no   in font cmsl10!
Missing character: There is no Â in font cmsl10!
Missing character: There is no   in font cmsl10!
Missing character: There is no Â in font cmsl10!
Missing character: There is no   in font cmsl10!
Missing character: There is no Â in font cmsl10!
Missing character: There is no   in font cmsl10!
Missing character: There is no Â in font cmsl10!
Missing character: There is no   in font cmsl10!
Missing character: There is no Â in font cmsl10!
Missing character: There is no   in font cmsl10!
Missing character: There is no Â in font cmsl10!
Missing character: There is no   in font cmsl10!
Missing character: There is no Â in font cmsl10!
Missing character: There is no   in font cmsl10!
Missing character: There is no Â in font cmsl10!
Missing character: There is no   in font cmsl10!
 [1{/usr/share/texlive/texmf/fonts/map/pdftex/updmap/pdftex.map}] )</usr/share/
texlive/texmf-dist/fonts/type1/public/amsfonts/cm/cmr10.pfb></usr/share/texlive
/texmf-dist/fonts/type1/public/amsfonts/cm/cmsl10.pfb></usr/share/texlive/texmf
-dist/fonts/type1/public/amsfonts/cm/cmti10.pfb></usr/share/texlive/texmf-dist/
fonts/type1/public/amsfonts/cm/cmtt10.pfb>
Output written on linalgbor1.pdf (1 page, 63289 bytes).
PDF statistics:
 24 PDF objects out of 1000 (max. 8388607)
 16 compressed objects within 1 object stream
 0 named destinations out of 1000 (max. 500000)
 1 words of extra memory for PDF output out of 10000 (max. 10000000)

