This is pdfTeX, Version 3.1415926-2.3-1.40.12 (TeX Live 2011) (format=pdftex 2011.7.3)  8 FEB 2016 05:57
entering extended mode
 restricted \write18 enabled.
 %&-line parsing enabled.
**galped2.tex
(./galped2.tex [1{/usr/local/texlive/2011/texmf-var/fonts/map/pdftex/updmap/pdf
tex.map}] [2]
Overfull \hbox (20.54495pt too wide) detected at line 236
\tensy ^^@\tenrm 27 [] =|

\hbox(8.64003+3.50006)x391.46176
.\tensy ^^@
.\tenrm 2
.\tenrm 7
.\glue(\thinmuskip) 1.66663
.\hbox(8.64003+3.50006)x382.00674
..\hbox(0.39998+11.60013)x4.16669, shifted -8.10007
...\tenex ^^B
..\tenrm 2
..\teni x
..\vbox(11.1122+0.0)x4.48613, shifted 2.47217
...\hbox(4.51111+0.0)x4.48613 []
...\kern2.08998
...\hbox(4.51111+0.0)x4.48613 []
..\teni x
..etc.
.etc.


Overfull \hbox (89.48232pt too wide) detected at line 248
\tensy ^^@\tenrm 54\teni x[]x[]x[] []|

\hbox(8.64003+3.50006)x391.46176
.\tensy ^^@
.\tenrm 5
.\tenrm 4
.\teni x
.\hbox(4.51111+0.0)x4.48613, shifted 1.49998
..\sevenrm 1
.etc.


Overfull \hbox (35.35081pt too wide) detected at line 264
\tensy ^^@\tenrm 72\teni x[]x[]x[] \tensy ^^@ \tenrm 54\teni x[]x[]x[] [] \tenr
m + 108\teni K \tenrm = 27 [] =|

\hbox(8.64003+3.50006)x391.46176, glue set - 1.0
.\tensy ^^@
.\tenrm 7
.\tenrm 2
.\teni x
.\vbox(11.1122+0.0)x4.48613, shifted 2.47217
..\hbox(4.51111+0.0)x4.48613
...\sevenrm 2
..\kern2.08998
..\hbox(4.51111+0.0)x4.48613
...\sevenrm 1
.etc.


Overfull \hbox (67.67009pt too wide) detected at line 276
\teni K \tenrm = \teni x[]x[] \tenrm + \teni x[]x[] \tenrm + \teni x[]x[] \tenr
m = 3\teni x[]x[]x[] \tenrm + (\teni x[]x[] \tenrm + \teni x[]x[] \tenrm + \ten
i x[]x[]\tenrm ) []|

\hbox(8.64003+3.50006)x391.46176, glue set - 1.0
.\teni K
.\kern0.71527
.\glue(\thickmuskip) 2.77771 plus 2.77771
.\tenrm =
.\glue(\thickmuskip) 2.77771 plus 2.77771
.etc.

[3]
Overfull \hbox (52.32428pt too wide) detected at line 341
\teni x[] \tenrm = \teni "[][] \tenrm + \teni "[][][] ;  x[] \tenrm = \teni "[]
[][] \tenrm + \teni "[][]|

\hbox(21.12924+9.27103)x391.46176, glue set - 1.0
.\teni x
.\hbox(4.51111+0.0)x4.48613, shifted 1.49998
..\sevenrm 2
.\glue(\thickmuskip) 2.77771 plus 2.77771
.\tenrm =
.\glue(\thickmuskip) 2.77771 plus 2.77771
.etc.

[4]
Overfull \hbox (4.02786pt too wide) detected at line 415
\teni u \tenrm + \teni v \tenrm = 6\teni x[]x[]x[] \tensy ^^@ \tenrm 3 [] + 12\
teni x[]x[]x[] \tenrm = 27\teni x[]x[]x[] \tenrm = \tensy ^^@\tenrm 27\teni q ;
|

\hbox(7.5+2.5)x391.46176, glue set - 1.0
.\teni u
.\glue(\medmuskip) 2.22217 plus 1.11108 minus 2.22217
.\tenrm +
.\glue(\medmuskip) 2.22217 plus 1.11108 minus 2.22217
.\teni v
.etc.


Overfull \hbox (8.96884pt too wide) detected at line 454
\tensy ^^@\tenrm 9\teni x[]x[]x[] \tensy ^^@ \tenrm 4(\teni x[]x[] \tenrm + \te
ni x[]x[] \tenrm + \teni x[]x[]\tenrm ) [] =|

\hbox(8.64003+3.50006)x391.46176, glue set - 1.0
.\tensy ^^@
.\tenrm 9
.\teni x
.\vbox(11.1122+0.0)x4.48613, shifted 2.47217
..\hbox(4.51111+0.0)x4.48613
...\sevenrm 2
..\kern2.08998
..\hbox(4.51111+0.0)x4.48613
...\sevenrm 1
.\teni x
.etc.


Overfull \hbox (33.14188pt too wide) detected at line 462
\teni L \tenrm = 2\teni x[]x[]x[] [] \tenrm = 2\teni x[]x[]x[]M :|

\hbox(7.5+2.5)x391.46176
.\teni L
.\glue(\thickmuskip) 2.77771 plus 2.77771
.\tenrm =
.\glue(\thickmuskip) 2.77771 plus 2.77771
.\tenrm 2
.etc.


Overfull \hbox (33.04497pt too wide) detected at line 472
[] \tenrm + [] + [] =|

\hbox(8.64003+3.50006)x391.46176, glue set - 1.0
.\hbox(8.64003+3.50006)x132.79854
..\hbox(0.39998+11.60013)x4.58336, shifted -8.10007
...\tenex ^^@
..\tensy ^^@
..\teni x
..\vbox(11.1122+0.0)x4.48613, shifted 2.47217
...\hbox(4.51111+0.0)x4.48613 []
...\kern2.08998
...\hbox(4.51111+0.0)x4.48613 []
..\glue(\medmuskip) 2.22217 plus 1.11108 minus 2.22217
..etc.
.\glue(\medmuskip) 2.22217 plus 1.11108 minus 2.22217
.\tenrm +
.\glue(\medmuskip) 2.22217 plus 1.11108 minus 2.22217
.\hbox(8.64003+3.50006)x132.79854
..\hbox(0.39998+11.60013)x4.58336, shifted -8.10007
...\tenex ^^@
..\tensy ^^@
..\teni x
..\vbox(11.1122+0.0)x4.48613, shifted 2.47217
...\hbox(4.51111+0.0)x4.48613 []
...\kern2.08998
...\hbox(4.51111+0.0)x4.48613 []
..\glue(\medmuskip) 2.22217 plus 1.11108 minus 2.22217
..etc.
.etc.

[5] [6]
Overfull \hbox (43.62318pt too wide) detected at line 586
\teni "\tenrm (\teni x[] \tenrm + \teni x[] \tenrm + \teni x[]\tenrm )[] + (\te
ni "[] \tenrm + 1 \tensy ^^@ \tenrm 2\teni "\tenrm )(\teni x[]x[] \tenrm + \ten
i x[]x[] \tenrm + \teni x[]x[]\tenrm ) = \teni "\tenrm (\teni x[] \tenrm + \ten
i x[] \tenrm + \teni x[]\tenrm )[] \tensy ^^@ \tenrm 3\teni "\tenrm )(\teni x[]
x[] \tenrm + \teni x[]x[] \tenrm + \teni x[]x[]\tenrm ) = \teni a" \tensy ^^@ \
tenrm 3\teni p[]"|

\hbox(8.64003+2.5)x391.46176, glue set - 1.0
.\teni "
.\tenrm (
.\teni x
.\hbox(4.51111+0.0)x4.48613, shifted 1.49998
..\sevenrm 1
.\glue(\medmuskip) 2.22217 plus 1.11108 minus 2.22217
.etc.

[7] [8] [9] )</usr/local/texlive/2011/texmf-dist/fonts/type1/public/amsfonts/cm
/cmbx10.pfb></usr/local/texlive/2011/texmf-dist/fonts/type1/public/amsfonts/cm/
cmex10.pfb></usr/local/texlive/2011/texmf-dist/fonts/type1/public/amsfonts/cm/c
mmi10.pfb></usr/local/texlive/2011/texmf-dist/fonts/type1/public/amsfonts/cm/cm
mi5.pfb></usr/local/texlive/2011/texmf-dist/fonts/type1/public/amsfonts/cm/cmmi
7.pfb></usr/local/texlive/2011/texmf-dist/fonts/type1/public/amsfonts/cm/cmr10.
pfb></usr/local/texlive/2011/texmf-dist/fonts/type1/public/amsfonts/cm/cmr5.pfb
></usr/local/texlive/2011/texmf-dist/fonts/type1/public/amsfonts/cm/cmr7.pfb></
usr/local/texlive/2011/texmf-dist/fonts/type1/public/amsfonts/cm/cmsl10.pfb></u
sr/local/texlive/2011/texmf-dist/fonts/type1/public/amsfonts/cm/cmsy10.pfb></us
r/local/texlive/2011/texmf-dist/fonts/type1/public/amsfonts/cm/cmsy7.pfb></usr/
local/texlive/2011/texmf-dist/fonts/type1/public/amsfonts/cm/cmti10.pfb>
Output written on galped2.pdf (9 pages, 172047 bytes).
PDF statistics:
 82 PDF objects out of 1000 (max. 8388607)
 58 compressed objects within 1 object stream
 0 named destinations out of 1000 (max. 500000)
 1 words of extra memory for PDF output out of 10000 (max. 10000000)

